View function mapping is overwriting an existing endpoint function: save_knockout_predictions
View function mapping is overwriting an existing endpoint function: save_knockout_predictions
View function mapping is overwriting an existing endpoint function: save_knockout_predictions
View function mapping is overwriting an existing endpoint function: save_knockout_predictions
Traceback (most recent call last):
  File "/root/.pyenv/versions/3.11.1/lib/python3.11/site-packages/gunicorn/arbiter.py", line 246, in run
    handler()
  File "/root/.pyenv/versions/3.11.1/lib/python3.11/site-packages/gunicorn/arbiter.py", line 271, in handle_chld
    self.reap_workers()
  File "/root/.pyenv/versions/3.11.1/lib/python3.11/site-packages/gunicorn/arbiter.py", line 641, in reap_workers
    raise HaltServer(reason, self.WORKER_BOOT_ERROR)
gunicorn.errors.HaltServer: <HaltServer 'Worker failed to boot.' 3>

During handling of the above exception, another exception occurred:

Traceback (most recent call last):
  File "/root/.pyenv/versions/3.11.1/bin/gunicorn", line 6, in <module>
    sys.exit(run())
             ^^^^^
  File "/root/.pyenv/versions/3.11.1/lib/python3.11/site-packages/gunicorn/app/wsgiapp.py", line 66, in run
    WSGIApplication("%(prog)s [OPTIONS] [APP_MODULE]", prog=prog).run()
  File "/root/.pyenv/versions/3.11.1/lib/python3.11/site-packages/gunicorn/app/base.py", line 235, in run
    super().run()
  File "/root/.pyenv/versions/3.11.1/lib/python3.11/site-packages/gunicorn/app/base.py", line 71, in run
    Arbiter(self).run()
  File "/root/.pyenv/versions/3.11.1/lib/python3.11/site-packages/gunicorn/arbiter.py", line 254, in run
    self.halt(reason=inst.reason, exit_status=inst.exit_status)
  File "/root/.pyenv/versions/3.11.1/lib/python3.11/site-packages/gunicorn/arbiter.py", line 378, in halt
    self.stop()
  File "/root/.pyenv/versions/3.11.1/lib/python3.11/site-packages/gunicorn/arbiter.py", line 458, in stop
    self.reap_workers()
  File "/root/.pyenv/versions/3.11.1/lib/python3.11/site-packages/gunicorn/arbiter.py", line 641, in reap_workers
    raise HaltServer(reason, self.WORKER_BOOT_ERROR)
gunicorn.errors.HaltServer: <HaltServer 'Worker failed to boot.' 3>
View function mapping is overwriting an existing endpoint function: save_knockout_predictions
View function mapping is overwriting an existing endpoint function: save_knockout_predictions
View function mapping is overwriting an existing endpoint function: save_knockout_predictions
View function mapping is overwriting an existing endpoint function: save_knockout_predictions
Traceback (most recent call last):
  File "/root/.pyenv/versions/3.11.1/lib/python3.11/site-packages/gunicorn/arbiter.py", line 246, in run
    handler()
  File "/root/.pyenv/versions/3.11.1/lib/python3.11/site-packages/gunicorn/arbiter.py", line 271, in handle_chld
    self.reap_workers()
  File "/root/.pyenv/versions/3.11.1/lib/python3.11/site-packages/gunicorn/arbiter.py", line 641, in reap_workers
    raise HaltServer(reason, self.WORKER_BOOT_ERROR)
gunicorn.errors.HaltServer: <HaltServer 'Worker failed to boot.' 3>

During handling of the above exception, another exception occurred:

Traceback (most recent call last):
  File "/root/.pyenv/versions/3.11.1/bin/gunicorn", line 6, in <module>
    sys.exit(run())
             ^^^^^
  File "/root/.pyenv/versions/3.11.1/lib/python3.11/site-packages/gunicorn/app/wsgiapp.py", line 66, in run
    WSGIApplication("%(prog)s [OPTIONS] [APP_MODULE]", prog=prog).run()
  File "/root/.pyenv/versions/3.11.1/lib/python3.11/site-packages/gunicorn/app/base.py", line 235, in run
    super().run()
  File "/root/.pyenv/versions/3.11.1/lib/python3.11/site-packages/gunicorn/app/base.py", line 71, in run
    Arbiter(self).run()
  File "/root/.pyenv/versions/3.11.1/lib/python3.11/site-packages/gunicorn/arbiter.py", line 254, in run
    self.halt(reason=inst.reason, exit_status=inst.exit_status)
  File "/root/.pyenv/versions/3.11.1/lib/python3.11/site-packages/gunicorn/arbiter.py", line 378, in halt
    self.stop()
  File "/root/.pyenv/versions/3.11.1/lib/python3.11/site-packages/gunicorn/arbiter.py", line 458, in stop
    self.reap_workers()
  File "/root/.pyenv/versions/3.11.1/lib/python3.11/site-packages/gunicorn/arbiter.py", line 641, in reap_workers
    raise HaltServer(reason, self.WORKER_BOOT_ERROR)
gunicorn.errors.HaltServer: <HaltServer 'Worker failed to boot.' 3>
View function mapping is overwriting an existing endpoint function: save_knockout_predictions
View function mapping is overwriting an existing endpoint function: save_knockout_predictions
View function mapping is overwriting an existing endpoint function: save_knockout_predictions
View function mapping is overwriting an existing endpoint function: save_knockout_predictions
Traceback (most recent call last):
  File "/root/.pyenv/versions/3.11.1/lib/python3.11/site-packages/gunicorn/arbiter.py", line 246, in run
    handler()
  File "/root/.pyenv/versions/3.11.1/lib/python3.11/site-packages/gunicorn/arbiter.py", line 271, in handle_chld
    self.reap_workers()
  File "/root/.pyenv/versions/3.11.1/lib/python3.11/site-packages/gunicorn/arbiter.py", line 641, in reap_workers
    raise HaltServer(reason, self.WORKER_BOOT_ERROR)
gunicorn.errors.HaltServer: <HaltServer 'Worker failed to boot.' 3>

During handling of the above exception, another exception occurred:

Traceback (most recent call last):
  File "/root/.pyenv/versions/3.11.1/bin/gunicorn", line 6, in <module>
    sys.exit(run())
             ^^^^^
  File "/root/.pyenv/versions/3.11.1/lib/python3.11/site-packages/gunicorn/app/wsgiapp.py", line 66, in run
    WSGIApplication("%(prog)s [OPTIONS] [APP_MODULE]", prog=prog).run()
  File "/root/.pyenv/versions/3.11.1/lib/python3.11/site-packages/gunicorn/app/base.py", line 235, in run
    super().run()
  File "/root/.pyenv/versions/3.11.1/lib/python3.11/site-packages/gunicorn/app/base.py", line 71, in run
    Arbiter(self).run()
  File "/root/.pyenv/versions/3.11.1/lib/python3.11/site-packages/gunicorn/arbiter.py", line 254, in run
    self.halt(reason=inst.reason, exit_status=inst.exit_status)
  File "/root/.pyenv/versions/3.11.1/lib/python3.11/site-packages/gunicorn/arbiter.py", line 378, in halt
    self.stop()
  File "/root/.pyenv/versions/3.11.1/lib/python3.11/site-packages/gunicorn/arbiter.py", line 458, in stop
    self.reap_workers()
  File "/root/.pyenv/versions/3.11.1/lib/python3.11/site-packages/gunicorn/arbiter.py", line 641, in reap_workers
    raise HaltServer(reason, self.WORKER_BOOT_ERROR)
gunicorn.errors.HaltServer: <HaltServer 'Worker failed to boot.' 3>
